<?xml version="1.0" encoding="UTF-8"?>
<coverage generated="1527448104925" clover="3.2.0">
  <project timestamp="1527448104926" name="All files">
    <metrics statements="11" coveredstatements="11" conditionals="5" coveredconditionals="5" methods="3" coveredmethods="3" elements="19" coveredelements="19" complexity="0" loc="11" ncloc="11" packages="1" files="1" classes="1">
      <file name="slugify.js" path="/Users/me/Dev/devafter30/server/utils/slugify.js">
        <metrics statements="11" coveredstatements="11" conditionals="5" coveredconditionals="5" methods="3" coveredmethods="3"/>
        <line num="4" count="1" type="stmt"/>
        <line num="5" count="3" type="stmt"/>
        <line num="23" count="3" type="stmt"/>
        <line num="25" count="3" type="cond" truecount="2" falsecount="0"/>
        <line num="26" count="2" type="stmt"/>
        <line num="29" count="1" type="stmt"/>
        <line num="35" count="3" type="stmt"/>
        <line num="37" count="3" type="stmt"/>
        <line num="39" count="3" type="cond" truecount="2" falsecount="0"/>
        <line num="40" count="1" type="stmt"/>
        <line num="44" count="2" type="stmt"/>
      </file>
    </metrics>
  </project>
</coverage>
