{"/Users/me/Dev/devafter30/jest.setup.js": {"path":"/Users/me/Dev/devafter30/jest.setup.js","statementMap":{"0":{"start":{"line":4,"column":0},"end":{"line":4,"column":38}}},"fnMap":{},"branchMap":{},"s":{"0":1},"f":{},"b":{},"_coverageSchema":"332fd63041d2c1bcb487cc26dd0d5f7d97098a6c","hash":"0be4572c36fe52ae2acfe91e0e275c27116ac101"}
,"/Users/me/Dev/devafter30/server/utils/slugify.js": {"path":"/Users/me/Dev/devafter30/server/utils/slugify.js","statementMap":{"0":{"start":{"line":4,"column":16},"end":{"line":20,"column":22}},"1":{"start":{"line":5,"column":2},"end":{"line":20,"column":22}},"2":{"start":{"line":23,"column":15},"end":{"line":23,"column":70}},"3":{"start":{"line":25,"column":2},"end":{"line":27,"column":3}},"4":{"start":{"line":26,"column":4},"end":{"line":26,"column":30}},"5":{"start":{"line":29,"column":2},"end":{"line":29,"column":50}},"6":{"start":{"line":35,"column":19},"end":{"line":35,"column":32}},"7":{"start":{"line":37,"column":15},"end":{"line":37,"column":83}},"8":{"start":{"line":39,"column":2},"end":{"line":41,"column":3}},"9":{"start":{"line":40,"column":4},"end":{"line":40,"column":20}},"10":{"start":{"line":44,"column":2},"end":{"line":44,"column":46}}},"fnMap":{"0":{"name":"(anonymous_0)","decl":{"start":{"line":4,"column":16},"end":{"line":4,"column":17}},"loc":{"start":{"line":5,"column":2},"end":{"line":20,"column":22}},"line":5},"1":{"name":"createUniqueSlug","decl":{"start":{"line":22,"column":15},"end":{"line":22,"column":31}},"loc":{"start":{"line":22,"column":52},"end":{"line":30,"column":1}},"line":22},"2":{"name":"generateSlug","decl":{"start":{"line":34,"column":30},"end":{"line":34,"column":42}},"loc":{"start":{"line":34,"column":69},"end":{"line":45,"column":1}},"line":34}},"branchMap":{"0":{"loc":{"start":{"line":25,"column":2},"end":{"line":27,"column":3}},"type":"if","locations":[{"start":{"line":25,"column":2},"end":{"line":27,"column":3}},{"start":{"line":25,"column":2},"end":{"line":27,"column":3}}],"line":25},"1":{"loc":{"start":{"line":34,"column":56},"end":{"line":34,"column":67}},"type":"default-arg","locations":[{"start":{"line":34,"column":65},"end":{"line":34,"column":67}}],"line":34},"2":{"loc":{"start":{"line":39,"column":2},"end":{"line":41,"column":3}},"type":"if","locations":[{"start":{"line":39,"column":2},"end":{"line":41,"column":3}},{"start":{"line":39,"column":2},"end":{"line":41,"column":3}}],"line":39}},"s":{"0":1,"1":3,"2":3,"3":3,"4":2,"5":1,"6":3,"7":3,"8":3,"9":1,"10":2},"f":{"0":3,"1":3,"2":3},"b":{"0":[2,1],"1":[3],"2":[1,2]},"_coverageSchema":"332fd63041d2c1bcb487cc26dd0d5f7d97098a6c","hash":"62b5528dac2ec385588c0f8b1a7b70270cc340a8"}
}
